2026-06-23 00:12:26,512 | INFO | __main__ | ============================================================
2026-06-23 00:12:26,512 | INFO | __main__ | Starting Binance data pipeline
2026-06-23 00:12:26,512 | INFO | __main__ | ============================================================
2026-06-23 00:12:26,535 | INFO | __main__ | Config loaded. Symbols: ['doge', 'sol', 'btc', 'eth', 'ada', 'ltc', 'mina', 'sui'] | Timeframes: ['1m']
2026-06-23 00:12:26,619 | INFO | crypto_pipeline.utils.db_utils | Database connection established successfully.
2026-06-23 00:12:26,619 | INFO | crypto_pipeline.utils.db_utils | Table ensured: binance.doge_1m
2026-06-23 00:12:26,685 | INFO | crypto_pipeline.utils.db_utils | Table ensured: binance.sol_1m
2026-06-23 00:12:26,685 | INFO | crypto_pipeline.utils.db_utils | Table ensured: binance.btc_1m
2026-06-23 00:12:26,685 | INFO | crypto_pipeline.utils.db_utils | Table ensured: binance.eth_1m
2026-06-23 00:12:26,685 | INFO | crypto_pipeline.utils.db_utils | Table ensured: binance.ada_1m
2026-06-23 00:12:26,685 | INFO | crypto_pipeline.utils.db_utils | Table ensured: binance.ltc_1m
2026-06-23 00:12:26,685 | INFO | crypto_pipeline.utils.db_utils | Table ensured: binance.mina_1m
2026-06-23 00:12:26,685 | INFO | crypto_pipeline.utils.db_utils | Table ensured: binance.sui_1m
2026-06-23 00:12:26,702 | INFO | crypto_pipeline.data.data_downloader | Starting download: binance | doge | 1m
2026-06-23 00:12:26,704 | INFO | crypto_pipeline.utils.db_utils | No existing data found for binance.doge_1m. Will fetch from start_date.
2026-06-23 00:12:26,704 | INFO | crypto_pipeline.data.data_downloader | No existing data. Fetching from config start_date: 2026-06-23
2026-06-23 00:12:26,704 | INFO | crypto_pipeline.data.binance.exchange_binance | Fetching Binance candles for DOGEUSDT | 1m | from 2026-06-23 to 2026-06-23 07:12:00+00:00
2026-06-23 00:12:27,556 | INFO | crypto_pipeline.data.binance.exchange_binance | Fetched batch of 433 candles. Total so far: 433
2026-06-23 00:12:27,675 | INFO | crypto_pipeline.data.binance.exchange_binance | Total candles fetched for DOGEUSDT: 433
2026-06-23 00:12:27,677 | INFO | crypto_pipeline.data.data_downloader | Dropped last (incomplete) candle. Total candles: 432
2026-06-23 00:12:27,680 | ERROR | crypto_pipeline.data.data_downloader | Failed for binance | doge | 1m: Start and end cannot both be tz-aware with different timezones
2026-06-23 00:12:27,680 | INFO | crypto_pipeline.data.data_downloader | Starting download: binance | sol | 1m
2026-06-23 00:12:27,684 | INFO | crypto_pipeline.utils.db_utils | No existing data found for binance.sol_1m. Will fetch from start_date.
2026-06-23 00:12:27,684 | INFO | crypto_pipeline.data.data_downloader | No existing data. Fetching from config start_date: 2026-06-23
2026-06-23 00:12:27,684 | INFO | crypto_pipeline.data.binance.exchange_binance | Fetching Binance candles for SOLUSDT | 1m | from 2026-06-23 to 2026-06-23 07:12:00+00:00
2026-06-23 00:12:28,038 | INFO | crypto_pipeline.data.binance.exchange_binance | Fetched batch of 433 candles. Total so far: 433
2026-06-23 00:12:28,155 | INFO | crypto_pipeline.data.binance.exchange_binance | Total candles fetched for SOLUSDT: 433
2026-06-23 00:12:28,155 | INFO | crypto_pipeline.data.data_downloader | Dropped last (incomplete) candle. Total candles: 432
2026-06-23 00:12:28,155 | ERROR | crypto_pipeline.data.data_downloader | Failed for binance | sol | 1m: Start and end cannot both be tz-aware with different timezones
2026-06-23 00:12:28,155 | INFO | crypto_pipeline.data.data_downloader | Starting download: binance | btc | 1m
2026-06-23 00:12:28,155 | INFO | crypto_pipeline.utils.db_utils | No existing data found for binance.btc_1m. Will fetch from start_date.
2026-06-23 00:12:28,155 | INFO | crypto_pipeline.data.data_downloader | No existing data. Fetching from config start_date: 2026-06-23
2026-06-23 00:12:28,161 | INFO | crypto_pipeline.data.binance.exchange_binance | Fetching Binance candles for BTCUSDT | 1m | from 2026-06-23 to 2026-06-23 07:12:00+00:00
2026-06-23 00:12:28,542 | INFO | crypto_pipeline.data.binance.exchange_binance | Fetched batch of 433 candles. Total so far: 433
2026-06-23 00:12:28,658 | INFO | crypto_pipeline.data.binance.exchange_binance | Total candles fetched for BTCUSDT: 433
2026-06-23 00:12:28,658 | INFO | crypto_pipeline.data.data_downloader | Dropped last (incomplete) candle. Total candles: 432
2026-06-23 00:12:28,658 | ERROR | crypto_pipeline.data.data_downloader | Failed for binance | btc | 1m: Start and end cannot both be tz-aware with different timezones
2026-06-23 00:12:28,658 | INFO | crypto_pipeline.data.data_downloader | Starting download: binance | eth | 1m
2026-06-23 00:12:28,658 | INFO | crypto_pipeline.utils.db_utils | No existing data found for binance.eth_1m. Will fetch from start_date.
2026-06-23 00:12:28,658 | INFO | crypto_pipeline.data.data_downloader | No existing data. Fetching from config start_date: 2026-06-23
2026-06-23 00:12:28,658 | INFO | crypto_pipeline.data.binance.exchange_binance | Fetching Binance candles for ETHUSDT | 1m | from 2026-06-23 to 2026-06-23 07:12:00+00:00
2026-06-23 00:12:29,052 | INFO | crypto_pipeline.data.binance.exchange_binance | Fetched batch of 433 candles. Total so far: 433
2026-06-23 00:12:29,166 | INFO | crypto_pipeline.data.binance.exchange_binance | Total candles fetched for ETHUSDT: 433
2026-06-23 00:12:29,166 | INFO | crypto_pipeline.data.data_downloader | Dropped last (incomplete) candle. Total candles: 432
2026-06-23 00:12:29,166 | ERROR | crypto_pipeline.data.data_downloader | Failed for binance | eth | 1m: Start and end cannot both be tz-aware with different timezones
2026-06-23 00:12:29,166 | INFO | crypto_pipeline.data.data_downloader | Starting download: binance | ada | 1m
2026-06-23 00:12:29,166 | INFO | crypto_pipeline.utils.db_utils | No existing data found for binance.ada_1m. Will fetch from start_date.
2026-06-23 00:12:29,166 | INFO | crypto_pipeline.data.data_downloader | No existing data. Fetching from config start_date: 2026-06-23
2026-06-23 00:12:29,166 | INFO | crypto_pipeline.data.binance.exchange_binance | Fetching Binance candles for ADAUSDT | 1m | from 2026-06-23 to 2026-06-23 07:12:00+00:00
2026-06-23 00:12:29,506 | INFO | crypto_pipeline.data.binance.exchange_binance | Fetched batch of 433 candles. Total so far: 433
2026-06-23 00:12:29,616 | INFO | crypto_pipeline.data.binance.exchange_binance | Total candles fetched for ADAUSDT: 433
2026-06-23 00:12:29,616 | INFO | crypto_pipeline.data.data_downloader | Dropped last (incomplete) candle. Total candles: 432
2026-06-23 00:12:29,616 | ERROR | crypto_pipeline.data.data_downloader | Failed for binance | ada | 1m: Start and end cannot both be tz-aware with different timezones
2026-06-23 00:12:29,616 | INFO | crypto_pipeline.data.data_downloader | Starting download: binance | ltc | 1m
2026-06-23 00:12:29,616 | INFO | crypto_pipeline.utils.db_utils | No existing data found for binance.ltc_1m. Will fetch from start_date.
2026-06-23 00:12:29,616 | INFO | crypto_pipeline.data.data_downloader | No existing data. Fetching from config start_date: 2026-06-23
2026-06-23 00:12:29,616 | INFO | crypto_pipeline.data.binance.exchange_binance | Fetching Binance candles for LTCUSDT | 1m | from 2026-06-23 to 2026-06-23 07:12:00+00:00
2026-06-23 00:12:29,957 | INFO | crypto_pipeline.data.binance.exchange_binance | Fetched batch of 433 candles. Total so far: 433
2026-06-23 00:12:30,073 | INFO | crypto_pipeline.data.binance.exchange_binance | Total candles fetched for LTCUSDT: 433
2026-06-23 00:12:30,073 | INFO | crypto_pipeline.data.data_downloader | Dropped last (incomplete) candle. Total candles: 432
2026-06-23 00:12:30,073 | ERROR | crypto_pipeline.data.data_downloader | Failed for binance | ltc | 1m: Start and end cannot both be tz-aware with different timezones
2026-06-23 00:12:30,073 | INFO | crypto_pipeline.data.data_downloader | Starting download: binance | mina | 1m
2026-06-23 00:12:30,073 | INFO | crypto_pipeline.utils.db_utils | No existing data found for binance.mina_1m. Will fetch from start_date.
2026-06-23 00:12:30,073 | INFO | crypto_pipeline.data.data_downloader | No existing data. Fetching from config start_date: 2026-06-23
2026-06-23 00:12:30,089 | INFO | crypto_pipeline.data.binance.exchange_binance | Fetching Binance candles for MINAUSDT | 1m | from 2026-06-23 to 2026-06-23 07:12:00+00:00
2026-06-23 00:12:30,476 | INFO | crypto_pipeline.data.binance.exchange_binance | Fetched batch of 433 candles. Total so far: 433
2026-06-23 00:12:30,581 | INFO | crypto_pipeline.data.binance.exchange_binance | Total candles fetched for MINAUSDT: 433
2026-06-23 00:12:30,581 | INFO | crypto_pipeline.data.data_downloader | Dropped last (incomplete) candle. Total candles: 432
2026-06-23 00:12:30,581 | ERROR | crypto_pipeline.data.data_downloader | Failed for binance | mina | 1m: Start and end cannot both be tz-aware with different timezones
2026-06-23 00:12:30,581 | INFO | crypto_pipeline.data.data_downloader | Starting download: binance | sui | 1m
2026-06-23 00:12:30,581 | INFO | crypto_pipeline.utils.db_utils | No existing data found for binance.sui_1m. Will fetch from start_date.
2026-06-23 00:12:30,581 | INFO | crypto_pipeline.data.data_downloader | No existing data. Fetching from config start_date: 2026-06-23
2026-06-23 00:12:30,581 | INFO | crypto_pipeline.data.binance.exchange_binance | Fetching Binance candles for SUIUSDT | 1m | from 2026-06-23 to 2026-06-23 07:12:00+00:00
2026-06-23 00:12:31,017 | INFO | crypto_pipeline.data.binance.exchange_binance | Fetched batch of 433 candles. Total so far: 433
2026-06-23 00:12:31,136 | INFO | crypto_pipeline.data.binance.exchange_binance | Total candles fetched for SUIUSDT: 433
2026-06-23 00:12:31,136 | INFO | crypto_pipeline.data.data_downloader | Dropped last (incomplete) candle. Total candles: 432
2026-06-23 00:12:31,136 | ERROR | crypto_pipeline.data.data_downloader | Failed for binance | sui | 1m: Start and end cannot both be tz-aware with different timezones
2026-06-23 00:12:31,136 | INFO | __main__ | Binance data pipeline completed successfully.
2026-06-23 00:12:31,136 | INFO | __main__ | Database connection closed.
2026-06-23 00:14:31,028 | INFO | __main__ | ============================================================
2026-06-23 00:14:31,028 | INFO | __main__ | Starting Binance data pipeline
2026-06-23 00:14:31,034 | INFO | __main__ | ============================================================
2026-06-23 00:14:31,035 | INFO | __main__ | Config loaded. Symbols: ['doge', 'sol', 'btc', 'eth', 'ada', 'ltc', 'mina', 'sui'] | Timeframes: ['1m']
2026-06-23 00:14:31,119 | INFO | crypto_pipeline.utils.db_utils | Database connection established successfully.
2026-06-23 00:14:31,121 | INFO | crypto_pipeline.utils.db_utils | Table ensured: binance.doge_1m
2026-06-23 00:14:31,121 | INFO | crypto_pipeline.utils.db_utils | Table ensured: binance.sol_1m
2026-06-23 00:14:31,123 | INFO | crypto_pipeline.utils.db_utils | Table ensured: binance.btc_1m
2026-06-23 00:14:31,124 | INFO | crypto_pipeline.utils.db_utils | Table ensured: binance.eth_1m
2026-06-23 00:14:31,124 | INFO | crypto_pipeline.utils.db_utils | Table ensured: binance.ada_1m
2026-06-23 00:14:31,125 | INFO | crypto_pipeline.utils.db_utils | Table ensured: binance.ltc_1m
2026-06-23 00:14:31,126 | INFO | crypto_pipeline.utils.db_utils | Table ensured: binance.mina_1m
2026-06-23 00:14:31,126 | INFO | crypto_pipeline.utils.db_utils | Table ensured: binance.sui_1m
2026-06-23 00:14:31,128 | INFO | crypto_pipeline.data.data_downloader | Starting download: binance | doge | 1m
2026-06-23 00:14:31,132 | INFO | crypto_pipeline.utils.db_utils | No existing data found for binance.doge_1m. Will fetch from start_date.
2026-06-23 00:14:31,133 | INFO | crypto_pipeline.data.data_downloader | No existing data. Fetching from config start_date: 2026-06-23
2026-06-23 00:14:31,135 | INFO | crypto_pipeline.data.binance.exchange_binance | Fetching Binance candles for DOGEUSDT | 1m | from 2026-06-23 to 2026-06-23 07:14:00
2026-06-23 00:14:31,983 | INFO | crypto_pipeline.data.binance.exchange_binance | Fetched batch of 435 candles. Total so far: 435
2026-06-23 00:14:32,423 | INFO | crypto_pipeline.data.binance.exchange_binance | Total candles fetched for DOGEUSDT: 435
2026-06-23 00:14:32,423 | INFO | crypto_pipeline.data.data_downloader | Dropped last (incomplete) candle. Total candles: 434
2026-06-23 00:14:32,442 | INFO | crypto_pipeline.data.data_downloader | Missing candles filled using linear interpolation.
2026-06-23 00:14:32,445 | INFO | crypto_pipeline.data.data_downloader | Zero volumes replaced using forward fill.
2026-06-23 00:14:32,715 | INFO | crypto_pipeline.utils.db_utils | Inserted 435 new rows into binance.doge_1m
2026-06-23 00:14:32,715 | INFO | crypto_pipeline.data.data_downloader | Completed: binance | doge | 1m
2026-06-23 00:14:32,715 | INFO | crypto_pipeline.data.data_downloader | Starting download: binance | sol | 1m
2026-06-23 00:14:32,723 | INFO | crypto_pipeline.utils.db_utils | No existing data found for binance.sol_1m. Will fetch from start_date.
2026-06-23 00:14:32,723 | INFO | crypto_pipeline.data.data_downloader | No existing data. Fetching from config start_date: 2026-06-23
2026-06-23 00:14:32,723 | INFO | crypto_pipeline.data.binance.exchange_binance | Fetching Binance candles for SOLUSDT | 1m | from 2026-06-23 to 2026-06-23 07:14:00
2026-06-23 00:14:33,059 | INFO | crypto_pipeline.data.binance.exchange_binance | Fetched batch of 435 candles. Total so far: 435
2026-06-23 00:14:33,463 | INFO | crypto_pipeline.data.binance.exchange_binance | Total candles fetched for SOLUSDT: 435
2026-06-23 00:14:33,463 | INFO | crypto_pipeline.data.data_downloader | Dropped last (incomplete) candle. Total candles: 434
2026-06-23 00:14:33,479 | INFO | crypto_pipeline.data.data_downloader | Missing candles filled using linear interpolation.
2026-06-23 00:14:33,479 | INFO | crypto_pipeline.data.data_downloader | Zero volumes replaced using forward fill.
2026-06-23 00:14:33,663 | INFO | crypto_pipeline.utils.db_utils | Inserted 435 new rows into binance.sol_1m
2026-06-23 00:14:33,663 | INFO | crypto_pipeline.data.data_downloader | Completed: binance | sol | 1m
2026-06-23 00:14:33,663 | INFO | crypto_pipeline.data.data_downloader | Starting download: binance | btc | 1m
2026-06-23 00:14:33,663 | INFO | crypto_pipeline.utils.db_utils | No existing data found for binance.btc_1m. Will fetch from start_date.
2026-06-23 00:14:33,663 | INFO | crypto_pipeline.data.data_downloader | No existing data. Fetching from config start_date: 2026-06-23
2026-06-23 00:14:33,663 | INFO | crypto_pipeline.data.binance.exchange_binance | Fetching Binance candles for BTCUSDT | 1m | from 2026-06-23 to 2026-06-23 07:14:00
2026-06-23 00:14:34,017 | INFO | crypto_pipeline.data.binance.exchange_binance | Fetched batch of 435 candles. Total so far: 435
2026-06-23 00:14:34,506 | INFO | crypto_pipeline.data.binance.exchange_binance | Total candles fetched for BTCUSDT: 435
2026-06-23 00:14:34,506 | INFO | crypto_pipeline.data.data_downloader | Dropped last (incomplete) candle. Total candles: 434
2026-06-23 00:14:34,517 | INFO | crypto_pipeline.data.data_downloader | Missing candles filled using linear interpolation.
2026-06-23 00:14:34,519 | INFO | crypto_pipeline.data.data_downloader | Zero volumes replaced using forward fill.
2026-06-23 00:14:34,751 | INFO | crypto_pipeline.utils.db_utils | Inserted 435 new rows into binance.btc_1m
2026-06-23 00:14:34,751 | INFO | crypto_pipeline.data.data_downloader | Completed: binance | btc | 1m
2026-06-23 00:14:34,751 | INFO | crypto_pipeline.data.data_downloader | Starting download: binance | eth | 1m
2026-06-23 00:14:34,766 | INFO | crypto_pipeline.utils.db_utils | No existing data found for binance.eth_1m. Will fetch from start_date.
2026-06-23 00:14:34,766 | INFO | crypto_pipeline.data.data_downloader | No existing data. Fetching from config start_date: 2026-06-23
2026-06-23 00:14:34,766 | INFO | crypto_pipeline.data.binance.exchange_binance | Fetching Binance candles for ETHUSDT | 1m | from 2026-06-23 to 2026-06-23 07:14:00
2026-06-23 00:14:35,115 | INFO | crypto_pipeline.data.binance.exchange_binance | Fetched batch of 435 candles. Total so far: 435
2026-06-23 00:14:35,632 | INFO | crypto_pipeline.data.binance.exchange_binance | Total candles fetched for ETHUSDT: 435
2026-06-23 00:14:35,632 | INFO | crypto_pipeline.data.data_downloader | Dropped last (incomplete) candle. Total candles: 434
2026-06-23 00:14:35,638 | INFO | crypto_pipeline.data.data_downloader | Missing candles filled using linear interpolation.
2026-06-23 00:14:35,638 | INFO | crypto_pipeline.data.data_downloader | Zero volumes replaced using forward fill.
2026-06-23 00:14:35,821 | INFO | crypto_pipeline.utils.db_utils | Inserted 435 new rows into binance.eth_1m
2026-06-23 00:14:35,836 | INFO | crypto_pipeline.data.data_downloader | Completed: binance | eth | 1m
2026-06-23 00:14:35,836 | INFO | crypto_pipeline.data.data_downloader | Starting download: binance | ada | 1m
2026-06-23 00:14:35,836 | INFO | crypto_pipeline.utils.db_utils | No existing data found for binance.ada_1m. Will fetch from start_date.
2026-06-23 00:14:35,836 | INFO | crypto_pipeline.data.data_downloader | No existing data. Fetching from config start_date: 2026-06-23
2026-06-23 00:14:35,836 | INFO | crypto_pipeline.data.binance.exchange_binance | Fetching Binance candles for ADAUSDT | 1m | from 2026-06-23 to 2026-06-23 07:14:00
2026-06-23 00:14:36,165 | INFO | crypto_pipeline.data.binance.exchange_binance | Fetched batch of 435 candles. Total so far: 435
2026-06-23 00:14:36,597 | INFO | crypto_pipeline.data.binance.exchange_binance | Total candles fetched for ADAUSDT: 435
2026-06-23 00:14:36,597 | INFO | crypto_pipeline.data.data_downloader | Dropped last (incomplete) candle. Total candles: 434
2026-06-23 00:14:36,605 | INFO | crypto_pipeline.data.data_downloader | Missing candles filled using linear interpolation.
2026-06-23 00:14:36,605 | INFO | crypto_pipeline.data.data_downloader | Zero volumes replaced using forward fill.
2026-06-23 00:14:36,849 | INFO | crypto_pipeline.utils.db_utils | Inserted 435 new rows into binance.ada_1m
2026-06-23 00:14:36,849 | INFO | crypto_pipeline.data.data_downloader | Completed: binance | ada | 1m
2026-06-23 00:14:36,849 | INFO | crypto_pipeline.data.data_downloader | Starting download: binance | ltc | 1m
2026-06-23 00:14:36,857 | INFO | crypto_pipeline.utils.db_utils | No existing data found for binance.ltc_1m. Will fetch from start_date.
2026-06-23 00:14:36,857 | INFO | crypto_pipeline.data.data_downloader | No existing data. Fetching from config start_date: 2026-06-23
2026-06-23 00:14:36,862 | INFO | crypto_pipeline.data.binance.exchange_binance | Fetching Binance candles for LTCUSDT | 1m | from 2026-06-23 to 2026-06-23 07:14:00
2026-06-23 00:14:37,264 | INFO | crypto_pipeline.data.binance.exchange_binance | Fetched batch of 435 candles. Total so far: 435
2026-06-23 00:14:37,694 | INFO | crypto_pipeline.data.binance.exchange_binance | Total candles fetched for LTCUSDT: 435
2026-06-23 00:14:37,732 | INFO | crypto_pipeline.data.data_downloader | Dropped last (incomplete) candle. Total candles: 434
2026-06-23 00:14:37,732 | INFO | crypto_pipeline.data.data_downloader | Missing candles filled using linear interpolation.
2026-06-23 00:14:37,744 | INFO | crypto_pipeline.data.data_downloader | Zero volumes replaced using forward fill.
2026-06-23 00:14:37,938 | INFO | crypto_pipeline.utils.db_utils | Inserted 435 new rows into binance.ltc_1m
2026-06-23 00:14:37,938 | INFO | crypto_pipeline.data.data_downloader | Completed: binance | ltc | 1m
2026-06-23 00:14:37,953 | INFO | crypto_pipeline.data.data_downloader | Starting download: binance | mina | 1m
2026-06-23 00:14:37,956 | INFO | crypto_pipeline.utils.db_utils | No existing data found for binance.mina_1m. Will fetch from start_date.
2026-06-23 00:14:37,956 | INFO | crypto_pipeline.data.data_downloader | No existing data. Fetching from config start_date: 2026-06-23
2026-06-23 00:14:37,956 | INFO | crypto_pipeline.data.binance.exchange_binance | Fetching Binance candles for MINAUSDT | 1m | from 2026-06-23 to 2026-06-23 07:14:00
2026-06-23 00:14:38,273 | INFO | crypto_pipeline.data.binance.exchange_binance | Fetched batch of 435 candles. Total so far: 435
2026-06-23 00:14:38,708 | INFO | crypto_pipeline.data.binance.exchange_binance | Total candles fetched for MINAUSDT: 435
2026-06-23 00:14:38,708 | INFO | crypto_pipeline.data.data_downloader | Dropped last (incomplete) candle. Total candles: 434
2026-06-23 00:14:38,708 | INFO | crypto_pipeline.data.data_downloader | Missing candles filled using linear interpolation.
2026-06-23 00:14:38,708 | INFO | crypto_pipeline.data.data_downloader | Zero volumes replaced using forward fill.
2026-06-23 00:14:38,893 | INFO | crypto_pipeline.utils.db_utils | Inserted 435 new rows into binance.mina_1m
2026-06-23 00:14:38,893 | INFO | crypto_pipeline.data.data_downloader | Completed: binance | mina | 1m
2026-06-23 00:14:38,893 | INFO | crypto_pipeline.data.data_downloader | Starting download: binance | sui | 1m
2026-06-23 00:14:38,893 | INFO | crypto_pipeline.utils.db_utils | No existing data found for binance.sui_1m. Will fetch from start_date.
2026-06-23 00:14:38,893 | INFO | crypto_pipeline.data.data_downloader | No existing data. Fetching from config start_date: 2026-06-23
2026-06-23 00:14:38,893 | INFO | crypto_pipeline.data.binance.exchange_binance | Fetching Binance candles for SUIUSDT | 1m | from 2026-06-23 to 2026-06-23 07:14:00
2026-06-23 00:14:39,225 | INFO | crypto_pipeline.data.binance.exchange_binance | Fetched batch of 435 candles. Total so far: 435
2026-06-23 00:14:39,731 | INFO | crypto_pipeline.data.binance.exchange_binance | Total candles fetched for SUIUSDT: 435
2026-06-23 00:14:39,731 | INFO | crypto_pipeline.data.data_downloader | Dropped last (incomplete) candle. Total candles: 434
2026-06-23 00:14:39,744 | INFO | crypto_pipeline.data.data_downloader | Missing candles filled using linear interpolation.
2026-06-23 00:14:39,744 | INFO | crypto_pipeline.data.data_downloader | Zero volumes replaced using forward fill.
2026-06-23 00:14:40,011 | INFO | crypto_pipeline.utils.db_utils | Inserted 435 new rows into binance.sui_1m
2026-06-23 00:14:40,011 | INFO | crypto_pipeline.data.data_downloader | Completed: binance | sui | 1m
2026-06-23 00:14:40,011 | INFO | __main__ | Binance data pipeline completed successfully.
2026-06-23 00:14:40,011 | INFO | __main__ | Database connection closed.
2026-06-23 12:57:30,837 | INFO | __main__ | ============================================================
2026-06-23 12:57:30,837 | INFO | __main__ | Starting Binance data pipeline
2026-06-23 12:57:30,837 | INFO | __main__ | ============================================================
2026-06-23 12:57:30,853 | INFO | __main__ | Config loaded. Symbols: ['doge', 'sol', 'btc', 'eth', 'ada', 'ltc', 'mina', 'sui'] | Timeframes: ['1m']
2026-06-23 12:57:31,020 | INFO | crypto_pipeline.utils.db_utils | Database connection established successfully.
2026-06-23 12:57:31,049 | INFO | crypto_pipeline.utils.db_utils | Table ensured: binance.doge_1m
2026-06-23 12:57:31,052 | INFO | crypto_pipeline.utils.db_utils | Table ensured: binance.sol_1m
2026-06-23 12:57:31,052 | INFO | crypto_pipeline.utils.db_utils | Table ensured: binance.btc_1m
2026-06-23 12:57:31,056 | INFO | crypto_pipeline.utils.db_utils | Table ensured: binance.eth_1m
2026-06-23 12:57:31,056 | INFO | crypto_pipeline.utils.db_utils | Table ensured: binance.ada_1m
2026-06-23 12:57:31,056 | INFO | crypto_pipeline.utils.db_utils | Table ensured: binance.ltc_1m
2026-06-23 12:57:31,056 | INFO | crypto_pipeline.utils.db_utils | Table ensured: binance.mina_1m
2026-06-23 12:57:31,056 | INFO | crypto_pipeline.utils.db_utils | Table ensured: binance.sui_1m
2026-06-23 12:57:31,056 | INFO | crypto_pipeline.data.data_downloader | Starting download: binance | doge | 1m
2026-06-23 12:57:31,108 | INFO | crypto_pipeline.utils.db_utils | No gaps found in binance.doge_1m
2026-06-23 12:57:31,119 | INFO | crypto_pipeline.utils.db_utils | Last stored timestamp for binance.doge_1m: 2026-06-23 07:14:00
2026-06-23 12:57:31,119 | INFO | crypto_pipeline.data.data_downloader | Resuming from last stored timestamp: 2026-06-23 07:15:00
2026-06-23 12:57:31,119 | INFO | crypto_pipeline.data.binance.exchange_binance | Fetching Binance candles for DOGEUSDT | 1m | from 2026-06-23 07:15:00 to 2026-06-23 07:57:00+00:00
2026-06-23 12:57:32,240 | INFO | crypto_pipeline.data.binance.exchange_binance | Fetched batch of 43 candles. Total so far: 43
2026-06-23 12:57:32,355 | INFO | crypto_pipeline.data.binance.exchange_binance | Total candles fetched for DOGEUSDT: 43
2026-06-23 12:57:32,365 | INFO | crypto_pipeline.data.data_downloader | Dropped last (incomplete) candle. Total candles: 42
2026-06-23 12:57:32,372 | INFO | crypto_pipeline.data.data_downloader | Missing candles filled using linear interpolation.
2026-06-23 12:57:32,372 | INFO | crypto_pipeline.data.data_downloader | No zero-volume rows found.
2026-06-23 12:57:32,456 | INFO | crypto_pipeline.utils.db_utils | Inserted 43 new rows into binance.doge_1m
2026-06-23 12:57:32,456 | INFO | crypto_pipeline.data.data_downloader | Completed: binance | doge | 1m
2026-06-23 12:57:32,456 | INFO | crypto_pipeline.data.data_downloader | Starting download: binance | sol | 1m
2026-06-23 12:57:32,471 | INFO | crypto_pipeline.utils.db_utils | No gaps found in binance.sol_1m
2026-06-23 12:57:32,471 | INFO | crypto_pipeline.utils.db_utils | Last stored timestamp for binance.sol_1m: 2026-06-23 07:14:00
2026-06-23 12:57:32,471 | INFO | crypto_pipeline.data.data_downloader | Resuming from last stored timestamp: 2026-06-23 07:15:00
2026-06-23 12:57:32,471 | INFO | crypto_pipeline.data.binance.exchange_binance | Fetching Binance candles for SOLUSDT | 1m | from 2026-06-23 07:15:00 to 2026-06-23 07:57:00+00:00
2026-06-23 12:57:32,785 | INFO | crypto_pipeline.data.binance.exchange_binance | Fetched batch of 43 candles. Total so far: 43
2026-06-23 12:57:32,901 | INFO | crypto_pipeline.data.binance.exchange_binance | Total candles fetched for SOLUSDT: 43
2026-06-23 12:57:32,901 | INFO | crypto_pipeline.data.data_downloader | Dropped last (incomplete) candle. Total candles: 42
2026-06-23 12:57:32,901 | INFO | crypto_pipeline.data.data_downloader | Missing candles filled using linear interpolation.
2026-06-23 12:57:32,901 | INFO | crypto_pipeline.data.data_downloader | No zero-volume rows found.
2026-06-23 12:57:33,022 | INFO | crypto_pipeline.utils.db_utils | Inserted 43 new rows into binance.sol_1m
2026-06-23 12:57:33,022 | INFO | crypto_pipeline.data.data_downloader | Completed: binance | sol | 1m
2026-06-23 12:57:33,022 | INFO | crypto_pipeline.data.data_downloader | Starting download: binance | btc | 1m
2026-06-23 12:57:33,034 | INFO | crypto_pipeline.utils.db_utils | No gaps found in binance.btc_1m
2026-06-23 12:57:33,036 | INFO | crypto_pipeline.utils.db_utils | Last stored timestamp for binance.btc_1m: 2026-06-23 07:14:00
2026-06-23 12:57:33,036 | INFO | crypto_pipeline.data.data_downloader | Resuming from last stored timestamp: 2026-06-23 07:15:00
2026-06-23 12:57:33,036 | INFO | crypto_pipeline.data.binance.exchange_binance | Fetching Binance candles for BTCUSDT | 1m | from 2026-06-23 07:15:00 to 2026-06-23 07:57:00+00:00
2026-06-23 12:57:33,405 | INFO | crypto_pipeline.data.binance.exchange_binance | Fetched batch of 43 candles. Total so far: 43
2026-06-23 12:57:33,507 | INFO | crypto_pipeline.data.binance.exchange_binance | Total candles fetched for BTCUSDT: 43
2026-06-23 12:57:33,507 | INFO | crypto_pipeline.data.data_downloader | Dropped last (incomplete) candle. Total candles: 42
2026-06-23 12:57:33,507 | INFO | crypto_pipeline.data.data_downloader | Missing candles filled using linear interpolation.
2026-06-23 12:57:33,507 | INFO | crypto_pipeline.data.data_downloader | No zero-volume rows found.
2026-06-23 12:57:33,626 | INFO | crypto_pipeline.utils.db_utils | Inserted 43 new rows into binance.btc_1m
2026-06-23 12:57:33,626 | INFO | crypto_pipeline.data.data_downloader | Completed: binance | btc | 1m
2026-06-23 12:57:33,626 | INFO | crypto_pipeline.data.data_downloader | Starting download: binance | eth | 1m
2026-06-23 12:57:33,633 | INFO | crypto_pipeline.utils.db_utils | No gaps found in binance.eth_1m
2026-06-23 12:57:33,633 | INFO | crypto_pipeline.utils.db_utils | Last stored timestamp for binance.eth_1m: 2026-06-23 07:14:00
2026-06-23 12:57:33,633 | INFO | crypto_pipeline.data.data_downloader | Resuming from last stored timestamp: 2026-06-23 07:15:00
2026-06-23 12:57:33,633 | INFO | crypto_pipeline.data.binance.exchange_binance | Fetching Binance candles for ETHUSDT | 1m | from 2026-06-23 07:15:00 to 2026-06-23 07:57:00+00:00
2026-06-23 12:57:33,944 | INFO | crypto_pipeline.data.binance.exchange_binance | Fetched batch of 43 candles. Total so far: 43
2026-06-23 12:57:34,060 | INFO | crypto_pipeline.data.binance.exchange_binance | Total candles fetched for ETHUSDT: 43
2026-06-23 12:57:34,060 | INFO | crypto_pipeline.data.data_downloader | Dropped last (incomplete) candle. Total candles: 42
2026-06-23 12:57:34,060 | INFO | crypto_pipeline.data.data_downloader | Missing candles filled using linear interpolation.
2026-06-23 12:57:34,060 | INFO | crypto_pipeline.data.data_downloader | No zero-volume rows found.
2026-06-23 12:57:34,166 | INFO | crypto_pipeline.utils.db_utils | Inserted 43 new rows into binance.eth_1m
2026-06-23 12:57:34,166 | INFO | crypto_pipeline.data.data_downloader | Completed: binance | eth | 1m
2026-06-23 12:57:34,166 | INFO | crypto_pipeline.data.data_downloader | Starting download: binance | ada | 1m
2026-06-23 12:57:34,182 | INFO | crypto_pipeline.utils.db_utils | No gaps found in binance.ada_1m
2026-06-23 12:57:34,184 | INFO | crypto_pipeline.utils.db_utils | Last stored timestamp for binance.ada_1m: 2026-06-23 07:14:00
2026-06-23 12:57:34,184 | INFO | crypto_pipeline.data.data_downloader | Resuming from last stored timestamp: 2026-06-23 07:15:00
2026-06-23 12:57:34,185 | INFO | crypto_pipeline.data.binance.exchange_binance | Fetching Binance candles for ADAUSDT | 1m | from 2026-06-23 07:15:00 to 2026-06-23 07:57:00+00:00
2026-06-23 12:57:34,494 | INFO | crypto_pipeline.data.binance.exchange_binance | Fetched batch of 43 candles. Total so far: 43
2026-06-23 12:57:34,595 | INFO | crypto_pipeline.data.binance.exchange_binance | Total candles fetched for ADAUSDT: 43
2026-06-23 12:57:34,595 | INFO | crypto_pipeline.data.data_downloader | Dropped last (incomplete) candle. Total candles: 42
2026-06-23 12:57:34,607 | INFO | crypto_pipeline.data.data_downloader | Missing candles filled using linear interpolation.
2026-06-23 12:57:34,608 | INFO | crypto_pipeline.data.data_downloader | No zero-volume rows found.
2026-06-23 12:57:34,700 | INFO | crypto_pipeline.utils.db_utils | Inserted 43 new rows into binance.ada_1m
2026-06-23 12:57:34,700 | INFO | crypto_pipeline.data.data_downloader | Completed: binance | ada | 1m
2026-06-23 12:57:34,708 | INFO | crypto_pipeline.data.data_downloader | Starting download: binance | ltc | 1m
2026-06-23 12:57:34,708 | INFO | crypto_pipeline.utils.db_utils | No gaps found in binance.ltc_1m
2026-06-23 12:57:34,716 | INFO | crypto_pipeline.utils.db_utils | Last stored timestamp for binance.ltc_1m: 2026-06-23 07:14:00
2026-06-23 12:57:34,716 | INFO | crypto_pipeline.data.data_downloader | Resuming from last stored timestamp: 2026-06-23 07:15:00
2026-06-23 12:57:34,717 | INFO | crypto_pipeline.data.binance.exchange_binance | Fetching Binance candles for LTCUSDT | 1m | from 2026-06-23 07:15:00 to 2026-06-23 07:57:00+00:00
2026-06-23 12:57:35,053 | INFO | crypto_pipeline.data.binance.exchange_binance | Fetched batch of 43 candles. Total so far: 43
2026-06-23 12:57:35,162 | INFO | crypto_pipeline.data.binance.exchange_binance | Total candles fetched for LTCUSDT: 43
2026-06-23 12:57:35,162 | INFO | crypto_pipeline.data.data_downloader | Dropped last (incomplete) candle. Total candles: 42
2026-06-23 12:57:35,178 | INFO | crypto_pipeline.data.data_downloader | Missing candles filled using linear interpolation.
2026-06-23 12:57:35,178 | INFO | crypto_pipeline.data.data_downloader | No zero-volume rows found.
2026-06-23 12:57:35,232 | INFO | crypto_pipeline.utils.db_utils | Inserted 43 new rows into binance.ltc_1m
2026-06-23 12:57:35,232 | INFO | crypto_pipeline.data.data_downloader | Completed: binance | ltc | 1m
2026-06-23 12:57:35,232 | INFO | crypto_pipeline.data.data_downloader | Starting download: binance | mina | 1m
2026-06-23 12:57:35,240 | INFO | crypto_pipeline.utils.db_utils | No gaps found in binance.mina_1m
2026-06-23 12:57:35,240 | INFO | crypto_pipeline.utils.db_utils | Last stored timestamp for binance.mina_1m: 2026-06-23 07:14:00
2026-06-23 12:57:35,240 | INFO | crypto_pipeline.data.data_downloader | Resuming from last stored timestamp: 2026-06-23 07:15:00
2026-06-23 12:57:35,240 | INFO | crypto_pipeline.data.binance.exchange_binance | Fetching Binance candles for MINAUSDT | 1m | from 2026-06-23 07:15:00 to 2026-06-23 07:57:00+00:00
2026-06-23 12:57:35,549 | INFO | crypto_pipeline.data.binance.exchange_binance | Fetched batch of 43 candles. Total so far: 43
2026-06-23 12:57:35,666 | INFO | crypto_pipeline.data.binance.exchange_binance | Total candles fetched for MINAUSDT: 43
2026-06-23 12:57:35,670 | INFO | crypto_pipeline.data.data_downloader | Dropped last (incomplete) candle. Total candles: 42
2026-06-23 12:57:35,670 | INFO | crypto_pipeline.data.data_downloader | Missing candles filled using linear interpolation.
2026-06-23 12:57:35,670 | INFO | crypto_pipeline.data.data_downloader | No zero-volume rows found.
2026-06-23 12:57:35,732 | INFO | crypto_pipeline.utils.db_utils | Inserted 43 new rows into binance.mina_1m
2026-06-23 12:57:35,732 | INFO | crypto_pipeline.data.data_downloader | Completed: binance | mina | 1m
2026-06-23 12:57:35,732 | INFO | crypto_pipeline.data.data_downloader | Starting download: binance | sui | 1m
2026-06-23 12:57:35,732 | INFO | crypto_pipeline.utils.db_utils | No gaps found in binance.sui_1m
2026-06-23 12:57:35,732 | INFO | crypto_pipeline.utils.db_utils | Last stored timestamp for binance.sui_1m: 2026-06-23 07:14:00
2026-06-23 12:57:35,732 | INFO | crypto_pipeline.data.data_downloader | Resuming from last stored timestamp: 2026-06-23 07:15:00
2026-06-23 12:57:35,732 | INFO | crypto_pipeline.data.binance.exchange_binance | Fetching Binance candles for SUIUSDT | 1m | from 2026-06-23 07:15:00 to 2026-06-23 07:57:00+00:00
2026-06-23 12:57:36,057 | INFO | crypto_pipeline.data.binance.exchange_binance | Fetched batch of 43 candles. Total so far: 43
2026-06-23 12:57:36,165 | INFO | crypto_pipeline.data.binance.exchange_binance | Total candles fetched for SUIUSDT: 43
2026-06-23 12:57:36,165 | INFO | crypto_pipeline.data.data_downloader | Dropped last (incomplete) candle. Total candles: 42
2026-06-23 12:57:36,173 | INFO | crypto_pipeline.data.data_downloader | Missing candles filled using linear interpolation.
2026-06-23 12:57:36,173 | INFO | crypto_pipeline.data.data_downloader | No zero-volume rows found.
2026-06-23 12:57:36,223 | INFO | crypto_pipeline.utils.db_utils | Inserted 43 new rows into binance.sui_1m
2026-06-23 12:57:36,223 | INFO | crypto_pipeline.data.data_downloader | Completed: binance | sui | 1m
2026-06-23 12:57:36,223 | INFO | __main__ | Binance data pipeline completed successfully.
2026-06-23 12:57:36,223 | INFO | __main__ | Database connection closed.
2026-06-23 13:33:47,051 | INFO | __main__ | ============================================================
2026-06-23 13:33:47,051 | INFO | __main__ | Starting Binance data pipeline
2026-06-23 13:33:47,051 | INFO | __main__ | ============================================================
2026-06-23 13:33:47,059 | INFO | __main__ | Config loaded. Symbols: ['doge', 'sol', 'btc', 'eth', 'ada', 'ltc', 'mina', 'sui'] | Timeframes: ['1m']
2026-06-23 13:33:47,146 | INFO | crypto_pipeline.utils.db_utils | Database connection established successfully.
2026-06-23 13:33:47,146 | INFO | crypto_pipeline.data.data_downloader | Data fetch end_date resolved to: 2026-06-23 08:33:00 (config value: 'now')
2026-06-23 13:33:47,161 | INFO | crypto_pipeline.utils.db_utils | Table ensured: binance.doge_1m
2026-06-23 13:33:47,161 | INFO | crypto_pipeline.utils.db_utils | Table ensured: binance.sol_1m
2026-06-23 13:33:47,161 | INFO | crypto_pipeline.utils.db_utils | Table ensured: binance.btc_1m
2026-06-23 13:33:47,161 | INFO | crypto_pipeline.utils.db_utils | Table ensured: binance.eth_1m
2026-06-23 13:33:47,168 | INFO | crypto_pipeline.utils.db_utils | Table ensured: binance.ada_1m
2026-06-23 13:33:47,168 | INFO | crypto_pipeline.utils.db_utils | Table ensured: binance.ltc_1m
2026-06-23 13:33:47,168 | INFO | crypto_pipeline.utils.db_utils | Table ensured: binance.mina_1m
2026-06-23 13:33:47,171 | INFO | crypto_pipeline.utils.db_utils | Table ensured: binance.sui_1m
2026-06-23 13:33:47,171 | INFO | crypto_pipeline.data.data_downloader | Starting download: binance | doge | 1m
2026-06-23 13:33:47,185 | INFO | crypto_pipeline.utils.db_utils | Last stored timestamp for binance.doge_1m: 2026-06-23 07:57:00
2026-06-23 13:33:47,185 | INFO | crypto_pipeline.data.data_downloader | Resuming from last stored timestamp: 2026-06-23 07:58:00
2026-06-23 13:33:47,185 | INFO | crypto_pipeline.data.binance.exchange_binance | Fetching Bybit candles for DOGEUSDT | 1m | from 2026-06-23 07:58:00 to 2026-06-23 08:33:00+00:00
2026-06-23 13:33:47,611 | INFO | crypto_pipeline.data.binance.exchange_binance | Fetched batch of 36 candles. Total so far: 36
2026-06-23 13:33:47,733 | INFO | crypto_pipeline.data.binance.exchange_binance | Total candles fetched for DOGEUSDT: 36
2026-06-23 13:33:47,733 | INFO | crypto_pipeline.data.data_downloader | Dropped last (still-forming) candle. Total candles: 35
2026-06-23 13:33:47,762 | INFO | crypto_pipeline.data.data_downloader | Missing candles filled using linear interpolation.
2026-06-23 13:33:47,762 | INFO | crypto_pipeline.data.data_downloader | No zero-volume rows found.
2026-06-23 13:33:47,819 | INFO | crypto_pipeline.utils.db_utils | Inserted 36 new rows into binance.doge_1m
2026-06-23 13:33:47,819 | INFO | crypto_pipeline.data.data_downloader | Completed: binance | doge | 1m
2026-06-23 13:33:47,819 | INFO | crypto_pipeline.data.data_downloader | Starting download: binance | sol | 1m
2026-06-23 13:33:47,819 | INFO | crypto_pipeline.utils.db_utils | Last stored timestamp for binance.sol_1m: 2026-06-23 07:57:00
2026-06-23 13:33:47,819 | INFO | crypto_pipeline.data.data_downloader | Resuming from last stored timestamp: 2026-06-23 07:58:00
2026-06-23 13:33:47,819 | INFO | crypto_pipeline.data.binance.exchange_binance | Fetching Bybit candles for SOLUSDT | 1m | from 2026-06-23 07:58:00 to 2026-06-23 08:33:00+00:00
2026-06-23 13:33:47,973 | INFO | crypto_pipeline.data.binance.exchange_binance | Fetched batch of 36 candles. Total so far: 36
2026-06-23 13:33:48,087 | INFO | crypto_pipeline.data.binance.exchange_binance | Total candles fetched for SOLUSDT: 36
2026-06-23 13:33:48,088 | INFO | crypto_pipeline.data.data_downloader | Dropped last (still-forming) candle. Total candles: 35
2026-06-23 13:33:48,096 | INFO | crypto_pipeline.data.data_downloader | Missing candles filled using linear interpolation.
2026-06-23 13:33:48,096 | INFO | crypto_pipeline.data.data_downloader | No zero-volume rows found.
2026-06-23 13:33:48,150 | INFO | crypto_pipeline.utils.db_utils | Inserted 36 new rows into binance.sol_1m
2026-06-23 13:33:48,151 | INFO | crypto_pipeline.data.data_downloader | Completed: binance | sol | 1m
2026-06-23 13:33:48,151 | INFO | crypto_pipeline.data.data_downloader | Starting download: binance | btc | 1m
2026-06-23 13:33:48,151 | INFO | crypto_pipeline.utils.db_utils | Last stored timestamp for binance.btc_1m: 2026-06-23 07:57:00
2026-06-23 13:33:48,151 | INFO | crypto_pipeline.data.data_downloader | Resuming from last stored timestamp: 2026-06-23 07:58:00
2026-06-23 13:33:48,151 | INFO | crypto_pipeline.data.binance.exchange_binance | Fetching Bybit candles for BTCUSDT | 1m | from 2026-06-23 07:58:00 to 2026-06-23 08:33:00+00:00
2026-06-23 13:33:48,604 | INFO | crypto_pipeline.data.binance.exchange_binance | Fetched batch of 36 candles. Total so far: 36
2026-06-23 13:33:48,706 | INFO | crypto_pipeline.data.binance.exchange_binance | Total candles fetched for BTCUSDT: 36
2026-06-23 13:33:48,706 | INFO | crypto_pipeline.data.data_downloader | Dropped last (still-forming) candle. Total candles: 35
2026-06-23 13:33:48,706 | INFO | crypto_pipeline.data.data_downloader | Missing candles filled using linear interpolation.
2026-06-23 13:33:48,706 | INFO | crypto_pipeline.data.data_downloader | No zero-volume rows found.
2026-06-23 13:33:48,817 | INFO | crypto_pipeline.utils.db_utils | Inserted 36 new rows into binance.btc_1m
2026-06-23 13:33:48,817 | INFO | crypto_pipeline.data.data_downloader | Completed: binance | btc | 1m
2026-06-23 13:33:48,817 | INFO | crypto_pipeline.data.data_downloader | Starting download: binance | eth | 1m
2026-06-23 13:33:48,817 | INFO | crypto_pipeline.utils.db_utils | Last stored timestamp for binance.eth_1m: 2026-06-23 07:57:00
2026-06-23 13:33:48,817 | INFO | crypto_pipeline.data.data_downloader | Resuming from last stored timestamp: 2026-06-23 07:58:00
2026-06-23 13:33:48,832 | INFO | crypto_pipeline.data.binance.exchange_binance | Fetching Bybit candles for ETHUSDT | 1m | from 2026-06-23 07:58:00 to 2026-06-23 08:33:00+00:00
2026-06-23 13:33:48,984 | INFO | crypto_pipeline.data.binance.exchange_binance | Fetched batch of 36 candles. Total so far: 36
2026-06-23 13:33:49,093 | INFO | crypto_pipeline.data.binance.exchange_binance | Total candles fetched for ETHUSDT: 36
2026-06-23 13:33:49,093 | INFO | crypto_pipeline.data.data_downloader | Dropped last (still-forming) candle. Total candles: 35
2026-06-23 13:33:49,100 | INFO | crypto_pipeline.data.data_downloader | Missing candles filled using linear interpolation.
2026-06-23 13:33:49,100 | INFO | crypto_pipeline.data.data_downloader | No zero-volume rows found.
2026-06-23 13:33:49,118 | INFO | crypto_pipeline.utils.db_utils | Inserted 36 new rows into binance.eth_1m
2026-06-23 13:33:49,118 | INFO | crypto_pipeline.data.data_downloader | Completed: binance | eth | 1m
2026-06-23 13:33:49,118 | INFO | crypto_pipeline.data.data_downloader | Starting download: binance | ada | 1m
2026-06-23 13:33:49,118 | INFO | crypto_pipeline.utils.db_utils | Last stored timestamp for binance.ada_1m: 2026-06-23 07:57:00
2026-06-23 13:33:49,118 | INFO | crypto_pipeline.data.data_downloader | Resuming from last stored timestamp: 2026-06-23 07:58:00
2026-06-23 13:33:49,118 | INFO | crypto_pipeline.data.binance.exchange_binance | Fetching Bybit candles for ADAUSDT | 1m | from 2026-06-23 07:58:00 to 2026-06-23 08:33:00+00:00
2026-06-23 13:33:49,334 | INFO | crypto_pipeline.data.binance.exchange_binance | Fetched batch of 36 candles. Total so far: 36
2026-06-23 13:33:49,450 | INFO | crypto_pipeline.data.binance.exchange_binance | Total candles fetched for ADAUSDT: 36
2026-06-23 13:33:49,450 | INFO | crypto_pipeline.data.data_downloader | Dropped last (still-forming) candle. Total candles: 35
2026-06-23 13:33:49,450 | INFO | crypto_pipeline.data.data_downloader | Missing candles filled using linear interpolation.
2026-06-23 13:33:49,450 | INFO | crypto_pipeline.data.data_downloader | No zero-volume rows found.
2026-06-23 13:33:49,485 | INFO | crypto_pipeline.utils.db_utils | Inserted 36 new rows into binance.ada_1m
2026-06-23 13:33:49,485 | INFO | crypto_pipeline.data.data_downloader | Completed: binance | ada | 1m
2026-06-23 13:33:49,485 | INFO | crypto_pipeline.data.data_downloader | Starting download: binance | ltc | 1m
2026-06-23 13:33:49,485 | INFO | crypto_pipeline.utils.db_utils | Last stored timestamp for binance.ltc_1m: 2026-06-23 07:57:00
2026-06-23 13:33:49,485 | INFO | crypto_pipeline.data.data_downloader | Resuming from last stored timestamp: 2026-06-23 07:58:00
2026-06-23 13:33:49,485 | INFO | crypto_pipeline.data.binance.exchange_binance | Fetching Bybit candles for LTCUSDT | 1m | from 2026-06-23 07:58:00 to 2026-06-23 08:33:00+00:00
2026-06-23 13:33:49,616 | INFO | crypto_pipeline.data.binance.exchange_binance | Fetched batch of 36 candles. Total so far: 36
2026-06-23 13:33:49,735 | INFO | crypto_pipeline.data.binance.exchange_binance | Total candles fetched for LTCUSDT: 36
2026-06-23 13:33:49,735 | INFO | crypto_pipeline.data.data_downloader | Dropped last (still-forming) candle. Total candles: 35
2026-06-23 13:33:49,735 | INFO | crypto_pipeline.data.data_downloader | Missing candles filled using linear interpolation.
2026-06-23 13:33:49,735 | INFO | crypto_pipeline.data.data_downloader | No zero-volume rows found.
2026-06-23 13:33:49,832 | INFO | crypto_pipeline.utils.db_utils | Inserted 36 new rows into binance.ltc_1m
2026-06-23 13:33:49,836 | INFO | crypto_pipeline.data.data_downloader | Completed: binance | ltc | 1m
2026-06-23 13:33:49,836 | INFO | crypto_pipeline.data.data_downloader | Starting download: binance | mina | 1m
2026-06-23 13:33:49,836 | INFO | crypto_pipeline.utils.db_utils | Last stored timestamp for binance.mina_1m: 2026-06-23 07:57:00
2026-06-23 13:33:49,836 | INFO | crypto_pipeline.data.data_downloader | Resuming from last stored timestamp: 2026-06-23 07:58:00
2026-06-23 13:33:49,836 | INFO | crypto_pipeline.data.binance.exchange_binance | Fetching Bybit candles for MINAUSDT | 1m | from 2026-06-23 07:58:00 to 2026-06-23 08:33:00+00:00
2026-06-23 13:33:50,001 | INFO | crypto_pipeline.data.binance.exchange_binance | Fetched batch of 36 candles. Total so far: 36
2026-06-23 13:33:50,116 | INFO | crypto_pipeline.data.binance.exchange_binance | Total candles fetched for MINAUSDT: 36
2026-06-23 13:33:50,117 | INFO | crypto_pipeline.data.data_downloader | Dropped last (still-forming) candle. Total candles: 35
2026-06-23 13:33:50,118 | INFO | crypto_pipeline.data.data_downloader | Missing candles filled using linear interpolation.
2026-06-23 13:33:50,118 | INFO | crypto_pipeline.data.data_downloader | Zero-volume rows (1) replaced using forward fill across OHLC + volume together.
2026-06-23 13:33:50,148 | INFO | crypto_pipeline.utils.db_utils | Inserted 36 new rows into binance.mina_1m
2026-06-23 13:33:50,152 | INFO | crypto_pipeline.data.data_downloader | Completed: binance | mina | 1m
2026-06-23 13:33:50,153 | INFO | crypto_pipeline.data.data_downloader | Starting download: binance | sui | 1m
2026-06-23 13:33:50,160 | INFO | crypto_pipeline.utils.db_utils | Last stored timestamp for binance.sui_1m: 2026-06-23 07:57:00
2026-06-23 13:33:50,161 | INFO | crypto_pipeline.data.data_downloader | Resuming from last stored timestamp: 2026-06-23 07:58:00
2026-06-23 13:33:50,161 | INFO | crypto_pipeline.data.binance.exchange_binance | Fetching Bybit candles for SUIUSDT | 1m | from 2026-06-23 07:58:00 to 2026-06-23 08:33:00+00:00
2026-06-23 13:33:50,303 | INFO | crypto_pipeline.data.binance.exchange_binance | Fetched batch of 36 candles. Total so far: 36
2026-06-23 13:33:50,415 | INFO | crypto_pipeline.data.binance.exchange_binance | Total candles fetched for SUIUSDT: 36
2026-06-23 13:33:50,415 | INFO | crypto_pipeline.data.data_downloader | Dropped last (still-forming) candle. Total candles: 35
2026-06-23 13:33:50,425 | INFO | crypto_pipeline.data.data_downloader | Missing candles filled using linear interpolation.
2026-06-23 13:33:50,425 | INFO | crypto_pipeline.data.data_downloader | No zero-volume rows found.
2026-06-23 13:33:50,451 | INFO | crypto_pipeline.utils.db_utils | Inserted 36 new rows into binance.sui_1m
2026-06-23 13:33:50,451 | INFO | crypto_pipeline.data.data_downloader | Completed: binance | sui | 1m
2026-06-23 13:33:50,451 | INFO | __main__ | Binance data pipeline completed successfully.
2026-06-23 13:33:50,451 | INFO | __main__ | Database connection closed.
2026-06-23 13:37:28,408 | INFO | __main__ | ============================================================
2026-06-23 13:37:28,408 | INFO | __main__ | Starting Binance data pipeline
2026-06-23 13:37:28,408 | INFO | __main__ | ============================================================
2026-06-23 13:37:28,424 | INFO | __main__ | Config loaded. Symbols: ['doge', 'sol', 'btc', 'eth', 'ada', 'ltc', 'mina', 'sui'] | Timeframes: ['1m']
2026-06-23 13:37:28,462 | INFO | crypto_pipeline.utils.db_utils | Database connection established successfully.
2026-06-23 13:37:28,478 | INFO | crypto_pipeline.data.data_downloader | Data fetch end_date resolved to: 2026-06-23 08:37:00 (config value: 'now')
2026-06-23 13:37:28,480 | INFO | crypto_pipeline.utils.db_utils | Table ensured: binance.doge_1m
2026-06-23 13:37:28,480 | INFO | crypto_pipeline.utils.db_utils | Table ensured: binance.sol_1m
2026-06-23 13:37:28,480 | INFO | crypto_pipeline.utils.db_utils | Table ensured: binance.btc_1m
2026-06-23 13:37:28,480 | INFO | crypto_pipeline.utils.db_utils | Table ensured: binance.eth_1m
2026-06-23 13:37:28,480 | INFO | crypto_pipeline.utils.db_utils | Table ensured: binance.ada_1m
2026-06-23 13:37:28,480 | INFO | crypto_pipeline.utils.db_utils | Table ensured: binance.ltc_1m
2026-06-23 13:37:28,480 | INFO | crypto_pipeline.utils.db_utils | Table ensured: binance.mina_1m
2026-06-23 13:37:28,480 | INFO | crypto_pipeline.utils.db_utils | Table ensured: binance.sui_1m
2026-06-23 13:37:28,480 | INFO | crypto_pipeline.data.data_downloader | Starting download: binance | doge | 1m
2026-06-23 13:37:28,488 | INFO | crypto_pipeline.utils.db_utils | Last stored timestamp for binance.doge_1m: 2026-06-23 08:33:00
2026-06-23 13:37:28,488 | INFO | crypto_pipeline.data.data_downloader | Resuming from last stored timestamp: 2026-06-23 08:34:00
2026-06-23 13:37:28,488 | INFO | crypto_pipeline.data.binance.exchange_binance | Fetching Bybit candles for DOGEUSDT | 1m | from 2026-06-23 08:34:00 to 2026-06-23 08:37:00+00:00
2026-06-23 13:37:28,758 | INFO | crypto_pipeline.data.binance.exchange_binance | Fetched batch of 4 candles. Total so far: 4
2026-06-23 13:37:28,861 | INFO | crypto_pipeline.data.binance.exchange_binance | Total candles fetched for DOGEUSDT: 4
2026-06-23 13:37:28,861 | INFO | crypto_pipeline.data.data_downloader | Dropped last (still-forming) candle. Total candles: 3
2026-06-23 13:37:28,877 | INFO | crypto_pipeline.data.data_downloader | Missing candles filled using linear interpolation.
2026-06-23 13:37:28,877 | INFO | crypto_pipeline.data.data_downloader | No zero-volume rows found.
2026-06-23 13:37:28,954 | INFO | crypto_pipeline.utils.db_utils | Inserted 4 new rows into binance.doge_1m
2026-06-23 13:37:28,954 | INFO | crypto_pipeline.data.data_downloader | Completed: binance | doge | 1m
2026-06-23 13:37:28,954 | INFO | crypto_pipeline.data.data_downloader | Starting download: binance | sol | 1m
2026-06-23 13:37:28,962 | INFO | crypto_pipeline.utils.db_utils | Last stored timestamp for binance.sol_1m: 2026-06-23 08:33:00
2026-06-23 13:37:28,962 | INFO | crypto_pipeline.data.data_downloader | Resuming from last stored timestamp: 2026-06-23 08:34:00
2026-06-23 13:37:28,962 | INFO | crypto_pipeline.data.binance.exchange_binance | Fetching Bybit candles for SOLUSDT | 1m | from 2026-06-23 08:34:00 to 2026-06-23 08:37:00+00:00
2026-06-23 13:37:29,099 | INFO | crypto_pipeline.data.binance.exchange_binance | Fetched batch of 4 candles. Total so far: 4
2026-06-23 13:37:29,207 | INFO | crypto_pipeline.data.binance.exchange_binance | Total candles fetched for SOLUSDT: 4
2026-06-23 13:37:29,207 | INFO | crypto_pipeline.data.data_downloader | Dropped last (still-forming) candle. Total candles: 3
2026-06-23 13:37:29,217 | INFO | crypto_pipeline.data.data_downloader | Missing candles filled using linear interpolation.
2026-06-23 13:37:29,217 | INFO | crypto_pipeline.data.data_downloader | No zero-volume rows found.
2026-06-23 13:37:29,230 | INFO | crypto_pipeline.utils.db_utils | Inserted 4 new rows into binance.sol_1m
2026-06-23 13:37:29,230 | INFO | crypto_pipeline.data.data_downloader | Completed: binance | sol | 1m
2026-06-23 13:37:29,230 | INFO | crypto_pipeline.data.data_downloader | Starting download: binance | btc | 1m
2026-06-23 13:37:29,230 | INFO | crypto_pipeline.utils.db_utils | Last stored timestamp for binance.btc_1m: 2026-06-23 08:33:00
2026-06-23 13:37:29,230 | INFO | crypto_pipeline.data.data_downloader | Resuming from last stored timestamp: 2026-06-23 08:34:00
2026-06-23 13:37:29,230 | INFO | crypto_pipeline.data.binance.exchange_binance | Fetching Bybit candles for BTCUSDT | 1m | from 2026-06-23 08:34:00 to 2026-06-23 08:37:00+00:00
2026-06-23 13:37:29,382 | INFO | crypto_pipeline.data.binance.exchange_binance | Fetched batch of 4 candles. Total so far: 4
2026-06-23 13:37:29,498 | INFO | crypto_pipeline.data.binance.exchange_binance | Total candles fetched for BTCUSDT: 4
2026-06-23 13:37:29,498 | INFO | crypto_pipeline.data.data_downloader | Dropped last (still-forming) candle. Total candles: 3
2026-06-23 13:37:29,498 | INFO | crypto_pipeline.data.data_downloader | Missing candles filled using linear interpolation.
2026-06-23 13:37:29,513 | INFO | crypto_pipeline.data.data_downloader | No zero-volume rows found.
2026-06-23 13:37:29,521 | INFO | crypto_pipeline.utils.db_utils | Inserted 4 new rows into binance.btc_1m
2026-06-23 13:37:29,528 | INFO | crypto_pipeline.data.data_downloader | Completed: binance | btc | 1m
2026-06-23 13:37:29,528 | INFO | crypto_pipeline.data.data_downloader | Starting download: binance | eth | 1m
2026-06-23 13:37:29,531 | INFO | crypto_pipeline.utils.db_utils | Last stored timestamp for binance.eth_1m: 2026-06-23 08:33:00
2026-06-23 13:37:29,531 | INFO | crypto_pipeline.data.data_downloader | Resuming from last stored timestamp: 2026-06-23 08:34:00
2026-06-23 13:37:29,531 | INFO | crypto_pipeline.data.binance.exchange_binance | Fetching Bybit candles for ETHUSDT | 1m | from 2026-06-23 08:34:00 to 2026-06-23 08:37:00+00:00
2026-06-23 13:37:29,683 | INFO | crypto_pipeline.data.binance.exchange_binance | Fetched batch of 4 candles. Total so far: 4
2026-06-23 13:37:29,799 | INFO | crypto_pipeline.data.binance.exchange_binance | Total candles fetched for ETHUSDT: 4
2026-06-23 13:37:29,799 | INFO | crypto_pipeline.data.data_downloader | Dropped last (still-forming) candle. Total candles: 3
2026-06-23 13:37:29,822 | INFO | crypto_pipeline.data.data_downloader | Missing candles filled using linear interpolation.
2026-06-23 13:37:29,823 | INFO | crypto_pipeline.data.data_downloader | No zero-volume rows found.
2026-06-23 13:37:29,878 | INFO | crypto_pipeline.utils.db_utils | Inserted 4 new rows into binance.eth_1m
2026-06-23 13:37:29,878 | INFO | crypto_pipeline.data.data_downloader | Completed: binance | eth | 1m
2026-06-23 13:37:29,883 | INFO | crypto_pipeline.data.data_downloader | Starting download: binance | ada | 1m
2026-06-23 13:37:29,883 | INFO | crypto_pipeline.utils.db_utils | Last stored timestamp for binance.ada_1m: 2026-06-23 08:33:00
2026-06-23 13:37:29,891 | INFO | crypto_pipeline.data.data_downloader | Resuming from last stored timestamp: 2026-06-23 08:34:00
2026-06-23 13:37:29,891 | INFO | crypto_pipeline.data.binance.exchange_binance | Fetching Bybit candles for ADAUSDT | 1m | from 2026-06-23 08:34:00 to 2026-06-23 08:37:00+00:00
2026-06-23 13:37:30,030 | INFO | crypto_pipeline.data.binance.exchange_binance | Fetched batch of 4 candles. Total so far: 4
2026-06-23 13:37:30,146 | INFO | crypto_pipeline.data.binance.exchange_binance | Total candles fetched for ADAUSDT: 4
2026-06-23 13:37:30,147 | INFO | crypto_pipeline.data.data_downloader | Dropped last (still-forming) candle. Total candles: 3
2026-06-23 13:37:30,154 | INFO | crypto_pipeline.data.data_downloader | Missing candles filled using linear interpolation.
2026-06-23 13:37:30,154 | INFO | crypto_pipeline.data.data_downloader | No zero-volume rows found.
2026-06-23 13:37:30,162 | INFO | crypto_pipeline.utils.db_utils | Inserted 4 new rows into binance.ada_1m
2026-06-23 13:37:30,162 | INFO | crypto_pipeline.data.data_downloader | Completed: binance | ada | 1m
2026-06-23 13:37:30,162 | INFO | crypto_pipeline.data.data_downloader | Starting download: binance | ltc | 1m
2026-06-23 13:37:30,162 | INFO | crypto_pipeline.utils.db_utils | Last stored timestamp for binance.ltc_1m: 2026-06-23 08:33:00
2026-06-23 13:37:30,162 | INFO | crypto_pipeline.data.data_downloader | Resuming from last stored timestamp: 2026-06-23 08:34:00
2026-06-23 13:37:30,162 | INFO | crypto_pipeline.data.binance.exchange_binance | Fetching Bybit candles for LTCUSDT | 1m | from 2026-06-23 08:34:00 to 2026-06-23 08:37:00+00:00
2026-06-23 13:37:30,300 | INFO | crypto_pipeline.data.binance.exchange_binance | Fetched batch of 4 candles. Total so far: 4
2026-06-23 13:37:30,422 | INFO | crypto_pipeline.data.binance.exchange_binance | Total candles fetched for LTCUSDT: 4
2026-06-23 13:37:30,423 | INFO | crypto_pipeline.data.data_downloader | Dropped last (still-forming) candle. Total candles: 3
2026-06-23 13:37:30,429 | INFO | crypto_pipeline.data.data_downloader | Missing candles filled using linear interpolation.
2026-06-23 13:37:30,429 | INFO | crypto_pipeline.data.data_downloader | No zero-volume rows found.
2026-06-23 13:37:30,501 | INFO | crypto_pipeline.utils.db_utils | Inserted 4 new rows into binance.ltc_1m
2026-06-23 13:37:30,501 | INFO | crypto_pipeline.data.data_downloader | Completed: binance | ltc | 1m
2026-06-23 13:37:30,501 | INFO | crypto_pipeline.data.data_downloader | Starting download: binance | mina | 1m
2026-06-23 13:37:30,510 | INFO | crypto_pipeline.utils.db_utils | Last stored timestamp for binance.mina_1m: 2026-06-23 08:33:00
2026-06-23 13:37:30,510 | INFO | crypto_pipeline.data.data_downloader | Resuming from last stored timestamp: 2026-06-23 08:34:00
2026-06-23 13:37:30,510 | INFO | crypto_pipeline.data.binance.exchange_binance | Fetching Bybit candles for MINAUSDT | 1m | from 2026-06-23 08:34:00 to 2026-06-23 08:37:00+00:00
2026-06-23 13:37:30,648 | INFO | crypto_pipeline.data.binance.exchange_binance | Fetched batch of 4 candles. Total so far: 4
2026-06-23 13:37:30,760 | INFO | crypto_pipeline.data.binance.exchange_binance | Total candles fetched for MINAUSDT: 4
2026-06-23 13:37:30,760 | INFO | crypto_pipeline.data.data_downloader | Dropped last (still-forming) candle. Total candles: 3
2026-06-23 13:37:30,768 | INFO | crypto_pipeline.data.data_downloader | Missing candles filled using linear interpolation.
2026-06-23 13:37:30,768 | INFO | crypto_pipeline.data.data_downloader | No zero-volume rows found.
2026-06-23 13:37:30,777 | INFO | crypto_pipeline.utils.db_utils | Inserted 4 new rows into binance.mina_1m
2026-06-23 13:37:30,777 | INFO | crypto_pipeline.data.data_downloader | Completed: binance | mina | 1m
2026-06-23 13:37:30,785 | INFO | crypto_pipeline.data.data_downloader | Starting download: binance | sui | 1m
2026-06-23 13:37:30,785 | INFO | crypto_pipeline.utils.db_utils | Last stored timestamp for binance.sui_1m: 2026-06-23 08:33:00
2026-06-23 13:37:30,785 | INFO | crypto_pipeline.data.data_downloader | Resuming from last stored timestamp: 2026-06-23 08:34:00
2026-06-23 13:37:30,785 | INFO | crypto_pipeline.data.binance.exchange_binance | Fetching Bybit candles for SUIUSDT | 1m | from 2026-06-23 08:34:00 to 2026-06-23 08:37:00+00:00
2026-06-23 13:37:30,932 | INFO | crypto_pipeline.data.binance.exchange_binance | Fetched batch of 4 candles. Total so far: 4
2026-06-23 13:37:31,040 | INFO | crypto_pipeline.data.binance.exchange_binance | Total candles fetched for SUIUSDT: 4
2026-06-23 13:37:31,040 | INFO | crypto_pipeline.data.data_downloader | Dropped last (still-forming) candle. Total candles: 3
2026-06-23 13:37:31,040 | INFO | crypto_pipeline.data.data_downloader | Missing candles filled using linear interpolation.
2026-06-23 13:37:31,055 | INFO | crypto_pipeline.data.data_downloader | No zero-volume rows found.
2026-06-23 13:37:31,062 | INFO | crypto_pipeline.utils.db_utils | Inserted 4 new rows into binance.sui_1m
2026-06-23 13:37:31,062 | INFO | crypto_pipeline.data.data_downloader | Completed: binance | sui | 1m
2026-06-23 13:37:31,062 | INFO | __main__ | Binance data pipeline completed successfully.
2026-06-23 13:37:31,062 | INFO | __main__ | Database connection closed.
